2023-11-13 12:59:32 - Creating converter from 3 to 5
2023-11-13 12:59:32 - (UNIFORM, scott, 10000, 1) - Time: 0.00091 s - Est.: 0.259 nats
2023-11-13 12:59:32 - (UNIFORM, scott, 10000, 2) - Time: 0.00098 s - Est.: 0.266 nats
2023-11-13 12:59:32 - (UNIFORM, scott, 10000, 3) - Time: 0.00066 s - Est.: 0.262 nats
2023-11-13 12:59:32 - (UNIFORM, scott, 10000, 4) - Time: 0.00110 s - Est.: 0.275 nats
2023-11-13 12:59:33 - (UNIFORM, scott, 10000, 5) - Time: 0.00065 s - Est.: 0.263 nats
2023-11-13 12:59:33 - Creating converter from 5 to 3
2023-11-13 12:59:33 - (NORMAL, scott, 10000, 1) - Time: 0.00074 s - Est.: 0.362 nats
2023-11-13 12:59:33 - (NORMAL, scott, 10000, 2) - Time: 0.00068 s - Est.: 0.386 nats
2023-11-13 12:59:33 - (NORMAL, scott, 10000, 3) - Time: 0.00080 s - Est.: 0.377 nats
2023-11-13 12:59:33 - (NORMAL, scott, 10000, 4) - Time: 0.00094 s - Est.: 0.377 nats
2023-11-13 12:59:33 - (NORMAL, scott, 10000, 5) - Time: 0.00068 s - Est.: 0.360 nats
2023-11-13 12:59:33 - (NORMAL-MIXTURE, scott, 10000, 1) - Time: 0.00072 s - Est.: 0.181 nats
2023-11-13 12:59:33 - (NORMAL-MIXTURE, scott, 10000, 2) - Time: 0.00085 s - Est.: 0.178 nats
2023-11-13 12:59:34 - (NORMAL-MIXTURE, scott, 10000, 3) - Time: 0.00071 s - Est.: 0.178 nats
2023-11-13 12:59:34 - (NORMAL-MIXTURE, scott, 10000, 4) - Time: 0.00072 s - Est.: 0.182 nats
2023-11-13 12:59:34 - (NORMAL-MIXTURE, scott, 10000, 5) - Time: 0.00147 s - Est.: 0.171 nats
2023-11-13 12:59:34 - (EXPONENTIAL, scott, 10000, 1) - Time: 0.00090 s - Est.: 0.656 nats
2023-11-13 12:59:34 - (EXPONENTIAL, scott, 10000, 2) - Time: 0.00066 s - Est.: 0.628 nats
2023-11-13 12:59:34 - (EXPONENTIAL, scott, 10000, 3) - Time: 0.00055 s - Est.: 0.640 nats
2023-11-13 12:59:34 - (EXPONENTIAL, scott, 10000, 4) - Time: 0.00112 s - Est.: 0.605 nats
2023-11-13 12:59:34 - (EXPONENTIAL, scott, 10000, 5) - Time: 0.00057 s - Est.: 0.621 nats
2023-11-13 12:59:34 - (BIVARIATE-NORMAL, scott, 10000, 1) - Time: 0.00156 s - Est.: 0.959 nats
2023-11-13 12:59:34 - (BIVARIATE-NORMAL, scott, 10000, 2) - Time: 0.00209 s - Est.: 1.003 nats
2023-11-13 12:59:34 - (BIVARIATE-NORMAL, scott, 10000, 3) - Time: 0.00142 s - Est.: 0.985 nats
2023-11-13 12:59:34 - (BIVARIATE-NORMAL, scott, 10000, 4) - Time: 0.00174 s - Est.: 0.978 nats
2023-11-13 12:59:34 - (BIVARIATE-NORMAL, scott, 10000, 5) - Time: 0.00140 s - Est.: 0.971 nats
2023-11-13 12:59:42 - (BIVARIATE-NORMAL-MIXTURE, scott, 10000, 1) - Time: 0.00173 s - Est.: 0.341 nats
2023-11-13 12:59:42 - (BIVARIATE-NORMAL-MIXTURE, scott, 10000, 2) - Time: 0.00142 s - Est.: 0.391 nats
2023-11-13 12:59:42 - (BIVARIATE-NORMAL-MIXTURE, scott, 10000, 3) - Time: 0.00139 s - Est.: 0.353 nats
2023-11-13 12:59:42 - (BIVARIATE-NORMAL-MIXTURE, scott, 10000, 4) - Time: 0.00145 s - Est.: 0.364 nats
2023-11-13 12:59:42 - (BIVARIATE-NORMAL-MIXTURE, scott, 10000, 5) - Time: 0.00160 s - Est.: 0.347 nats
2023-11-13 12:59:43 - (GEXP, scott, 10000, 1) - Time: 0.00162 s - Est.: 0.169 nats
2023-11-13 12:59:43 - (GEXP, scott, 10000, 2) - Time: 0.00188 s - Est.: 0.177 nats
2023-11-13 12:59:43 - (GEXP, scott, 10000, 3) - Time: 0.00208 s - Est.: 0.181 nats
2023-11-13 12:59:43 - (GEXP, scott, 10000, 4) - Time: 0.00201 s - Est.: 0.181 nats
2023-11-13 12:59:43 - (GEXP, scott, 10000, 5) - Time: 0.00208 s - Est.: 0.196 nats
2023-11-13 12:59:45 - (4D-GAUSSIAN, scott, 10000, 1) - Time: 0.74588 s - Est.: 0.002 nats
