2023-11-13 18:46:05 - Creating converter from 3 to 5
2023-11-13 18:46:10 - (UNIFORM, silverman, 10000, 1) - Time: 2.11045 s - Est.: 0.289 nats
2023-11-13 18:46:57 - (UNIFORM, silverman, 10000, 2) - Time: 2.94962 s - Est.: 0.288 nats
2023-11-13 18:47:46 - (UNIFORM, silverman, 10000, 3) - Time: 3.36967 s - Est.: 0.288 nats
2023-11-13 18:48:27 - Creating converter from 5 to 3
2023-11-13 18:54:27 - (NORMAL, silverman, 10000, 1) - Time: 2.07038 s - Est.: 0.238 nats
2023-11-13 18:55:05 - (NORMAL, silverman, 10000, 2) - Time: 2.69998 s - Est.: 0.223 nats
2023-11-13 18:55:45 - (NORMAL, silverman, 10000, 3) - Time: 2.68611 s - Est.: 0.232 nats
2023-11-13 18:57:08 - (NORMAL-MIXTURE, silverman, 10000, 1) - Time: 2.10493 s - Est.: 0.180 nats
2023-11-13 18:57:58 - (NORMAL-MIXTURE, silverman, 10000, 2) - Time: 3.14592 s - Est.: 0.167 nats
2023-11-13 18:58:47 - (NORMAL-MIXTURE, silverman, 10000, 3) - Time: 3.05402 s - Est.: 0.178 nats
2023-11-13 19:01:34 - (NORMAL, scott, 10000, 1) - Time: 2.03268 s - Est.: 0.238 nats
2023-11-13 19:02:17 - (NORMAL, scott, 10000, 2) - Time: 3.01803 s - Est.: 0.223 nats
2023-11-13 19:03:05 - (NORMAL, scott, 10000, 3) - Time: 3.84542 s - Est.: 0.232 nats
2023-11-13 19:06:14 - (EXPONENTIAL, silverman, 10000, 1) - Time: 2.09789 s - Est.: 1.394 nats
2023-11-13 19:06:50 - (EXPONENTIAL, silverman, 10000, 2) - Time: 2.68888 s - Est.: 1.388 nats
2023-11-13 19:07:33 - (EXPONENTIAL, silverman, 10000, 3) - Time: 3.54599 s - Est.: 1.378 nats
2023-11-13 19:09:09 - (BIVARIATE-NORMAL, silverman, 10000, 1) - Time: 2.23698 s - Est.: 0.953 nats
2023-11-13 19:09:54 - (BIVARIATE-NORMAL, silverman, 10000, 2) - Time: 3.23345 s - Est.: 0.955 nats
2023-11-13 19:10:47 - (BIVARIATE-NORMAL, silverman, 10000, 3) - Time: 3.43670 s - Est.: 0.974 nats
2023-11-13 19:12:11 - (BIVARIATE-NORMAL-MIXTURE, silverman, 10000, 1) - Time: 3.46360 s - Est.: 0.306 nats
2023-11-13 19:13:07 - (BIVARIATE-NORMAL-MIXTURE, silverman, 10000, 2) - Time: 3.84986 s - Est.: 0.294 nats
2023-11-13 19:14:04 - (BIVARIATE-NORMAL-MIXTURE, silverman, 10000, 3) - Time: 3.32973 s - Est.: 0.309 nats
2023-11-13 19:16:06 - (GEXP, silverman, 10000, 1) - Time: 2.65620 s - Est.: -0.243 nats
2023-11-13 19:16:47 - (GEXP, silverman, 10000, 2) - Time: 3.22177 s - Est.: -0.169 nats
2023-11-13 19:17:31 - (GEXP, silverman, 10000, 3) - Time: 2.94425 s - Est.: -0.163 nats
2023-11-13 19:37:02 - Creating converter from 3 to 5
2023-11-13 19:39:09 - Creating converter from 3 to 5
2023-11-13 19:39:22 - (GEXP, silverman, 10000, 1) - Time: 5.78561 s - Est.: 0.010 nats
2023-11-13 19:40:51 - (GEXP, silverman, 10000, 2) - Time: 5.68799 s - Est.: -0.060 nats
2023-11-13 19:42:16 - (GEXP, silverman, 10000, 3) - Time: 5.68817 s - Est.: -0.013 nats
2023-11-13 19:44:42 - Creating converter from 3 to 5
2023-11-13 19:44:48 - (GEXP, silverman, 10000, 1) - Time: 2.72639 s - Est.: -0.287 nats
2023-11-13 19:45:44 - (GEXP, silverman, 10000, 2) - Time: 3.42248 s - Est.: -0.261 nats
2023-11-13 19:46:35 - (GEXP, silverman, 10000, 3) - Time: 3.46895 s - Est.: -0.265 nats
2023-11-13 19:49:44 - Creating converter from 3 to 5
2023-11-13 19:50:56 - Creating converter from 3 to 5
2023-11-13 19:51:04 - (GEXP, silverman, 10000, 1) - Time: 4.04794 s - Est.: 0.287 nats
2023-11-13 19:51:51 - (GEXP, silverman, 10000, 2) - Time: 2.89513 s - Est.: 0.261 nats
2023-11-13 19:52:36 - (GEXP, silverman, 10000, 3) - Time: 2.86875 s - Est.: 0.265 nats
2023-11-13 19:54:06 - (4D-GAUSSIAN, silverman, 10000, 1) - Time: 3.47519 s - Est.: 1.356 nats
2023-11-13 19:54:50 - Creating converter from 5 to 3
2023-11-13 19:55:42 - (10D-GAUSSIAN, silverman, 10000, 1) - Time: 4.62349 s - Est.: 67.311 nats
2023-11-13 19:56:54 - (10D-GAUSSIAN, silverman, 10000, 1) - Time: 4.11819 s - Est.: 67.311 nats
2023-11-13 19:58:13 - (10D-GAUSSIAN, silverman, 10000, 1) - Time: 3.31315 s - Est.: 67.311 nats
