2023-11-13 14:41:25 - Creating converter from 3 to 5
2023-11-13 14:41:28 - (UNIFORM, silverman, 10000, 1) - Time: 1.08891 s - Est.: 0.451 nats
2023-11-13 14:41:50 - (UNIFORM, silverman, 10000, 2) - Time: 1.62351 s - Est.: 0.449 nats
2023-11-13 14:42:17 - (UNIFORM, silverman, 10000, 3) - Time: 2.01205 s - Est.: 0.453 nats
2023-11-13 14:42:38 - Creating converter from 5 to 3
2023-11-13 14:42:42 - (NORMAL, silverman, 10000, 1) - Time: 1.66757 s - Est.: 2.320 nats
2023-11-13 14:43:06 - (NORMAL, silverman, 10000, 2) - Time: 1.49592 s - Est.: 2.330 nats
2023-11-13 14:43:29 - (NORMAL, silverman, 10000, 3) - Time: 1.60851 s - Est.: 2.334 nats
2023-11-13 14:44:41 - (NORMAL-MIXTURE, silverman, 10000, 1) - Time: 1.13592 s - Est.: 2.379 nats
2023-11-13 14:45:07 - (NORMAL-MIXTURE, silverman, 10000, 2) - Time: 1.59092 s - Est.: 2.387 nats
2023-11-13 14:45:31 - (NORMAL-MIXTURE, silverman, 10000, 3) - Time: 1.59998 s - Est.: 2.388 nats
2023-11-13 14:46:09 - (EXPONENTIAL, silverman, 10000, 1) - Time: 1.64345 s - Est.: 0.379 nats
2023-11-13 14:46:38 - (EXPONENTIAL, silverman, 10000, 2) - Time: 3.23000 s - Est.: 0.382 nats
2023-11-13 14:47:19 - (EXPONENTIAL, silverman, 10000, 3) - Time: 2.47619 s - Est.: 0.399 nats
2023-11-13 14:48:57 - (BIVARIATE-NORMAL, silverman, 10000, 1) - Time: 1.21544 s - Est.: 2.691 nats
2023-11-13 14:49:23 - (BIVARIATE-NORMAL, silverman, 10000, 2) - Time: 1.67885 s - Est.: 2.676 nats
2023-11-13 14:49:52 - (BIVARIATE-NORMAL, silverman, 10000, 3) - Time: 2.09254 s - Est.: 2.673 nats
2023-11-13 14:51:00 - (BIVARIATE-NORMAL-MIXTURE, silverman, 10000, 1) - Time: 1.56945 s - Est.: 3.338 nats
2023-11-13 14:51:25 - (BIVARIATE-NORMAL-MIXTURE, silverman, 10000, 2) - Time: 1.72214 s - Est.: 3.337 nats
2023-11-13 14:51:50 - (BIVARIATE-NORMAL-MIXTURE, silverman, 10000, 3) - Time: 1.88647 s - Est.: 3.338 nats
2023-11-13 14:53:44 - (GEXP, silverman, 10000, 1) - Time: 1.18101 s - Est.: 2.185 nats
2023-11-13 14:54:09 - (GEXP, silverman, 10000, 2) - Time: 1.78946 s - Est.: 2.135 nats
2023-11-13 14:54:36 - (GEXP, silverman, 10000, 3) - Time: 2.41551 s - Est.: 2.138 nats
2023-11-13 14:55:27 - (4D-GAUSSIAN, silverman, 10000, 1) - Time: 1.28346 s - Est.: 4.923 nats
2023-11-13 15:16:45 - (10D-GAUSSIAN, silverman, 10000, 1) - Time: 1.74583 s - Est.: 1.660 nats
2023-11-13 15:22:33 - Creating converter from 5 to 3
2023-11-13 15:24:41 - Creating converter from 3 to 5
2023-11-13 15:24:47 - (10D-GAUSSIAN, silverman, 10000, 1) - Time: 3.17962 s - Est.: 1.660 nats
2023-11-13 15:25:34 - (10D-GAUSSIAN, silverman, 10000, 2) - Time: 2.57371 s - Est.: 1.697 nats
2023-11-13 15:26:28 - (10D-GAUSSIAN, silverman, 10000, 3) - Time: 6.63336 s - Est.: 1.642 nats
2023-11-13 15:43:43 - Creating converter from 3 to 5
2023-11-13 15:43:52 - (BIVARIATE-NORMAL, silverman, 10000, 1) - Time: 3.39992 s - Est.: 0.156 nats
2023-11-13 15:45:25 - (BIVARIATE-NORMAL, silverman, 10000, 2) - Time: 7.63064 s - Est.: 0.161 nats
2023-11-13 15:46:46 - (BIVARIATE-NORMAL, silverman, 10000, 3) - Time: 5.65617 s - Est.: 0.152 nats
