2023-11-14 10:57:35 - Creating converter from 3 to 5
2023-11-14 10:57:35 - (UNIFORM, 1, 10000, 1) - Time: 0.00732 s - Est.: 0.437 nats
2023-11-14 10:57:37 - (UNIFORM, 1, 10000, 2) - Time: 0.00676 s - Est.: 0.424 nats
2023-11-14 10:57:38 - Creating converter from 5 to 3
2023-11-14 10:57:56 - Creating converter from 3 to 5
2023-11-14 10:57:56 - (UNIFORM, 1, 10000, 1) - Time: 0.00710 s - Est.: 0.437 nats
2023-11-14 10:57:58 - (UNIFORM, 1, 10000, 2) - Time: 0.00700 s - Est.: 0.424 nats
2023-11-14 10:57:59 - (NORMAL, 1, 10000, 1) - Time: 0.00887 s - Est.: 2.332 nats
2023-11-14 10:58:01 - (NORMAL, 1, 10000, 2) - Time: 0.00663 s - Est.: 2.329 nats
2023-11-14 10:58:02 - Creating converter from 5 to 3
2023-11-14 10:58:23 - (NORMAL-MIXTURE, 1, 10000, 1) - Time: 0.00697 s - Est.: 2.364 nats
2023-11-14 10:58:25 - (NORMAL-MIXTURE, 1, 10000, 2) - Time: 0.00729 s - Est.: 2.358 nats
2023-11-14 10:59:03 - (EXPONENTIAL, 1, 10000, 1) - Time: 0.01345 s - Est.: 0.301 nats
2023-11-14 10:59:04 - (EXPONENTIAL, 1, 10000, 2) - Time: 0.00657 s - Est.: 0.272 nats
2023-11-14 10:59:13 - (BIVARIATE-NORMAL, 1, 10000, 1) - Time: 0.00887 s - Est.: 2.724 nats
2023-11-14 10:59:16 - (BIVARIATE-NORMAL, 1, 10000, 2) - Time: 0.01114 s - Est.: 2.698 nats
2023-11-14 10:59:30 - (BIVARIATE-NORMAL-MIXTURE, 1, 10000, 1) - Time: 0.01088 s - Est.: 3.336 nats
2023-11-14 10:59:33 - (BIVARIATE-NORMAL-MIXTURE, 1, 10000, 2) - Time: 0.01014 s - Est.: 3.322 nats
2023-11-14 10:59:40 - (GEXP, 1, 10000, 1) - Time: 0.01468 s - Est.: 1.937 nats
2023-11-14 10:59:43 - (GEXP, 1, 10000, 2) - Time: 0.01015 s - Est.: 1.921 nats
2023-11-14 10:59:55 - (4D-GAUSSIAN, 1, 10000, 1) - Time: 0.02360 s - Est.: 5.080 nats
2023-11-14 11:00:02 - (4D-GAUSSIAN, 1, 10000, 2) - Time: 0.01982 s - Est.: 5.097 nats
2023-11-14 11:00:17 - (10D-GAUSSIAN, 1, 10000, 1) - Time: 0.25864 s - Est.: 4.976 nats
2023-11-14 11:03:47 - (10D-GAUSSIAN, 1, 10000, 2) - Time: 0.32724 s - Est.: 4.981 nats
