2023-11-14 11:13:06 - Creating converter from 3 to 5
2023-11-14 11:13:22 - Creating converter from 3 to 5
2023-11-14 11:13:23 - (BIVARIATE-NORMAL, 15, 10000, 1) - Time: 0.11398 s - Est.: 0.142 nats
2023-11-14 11:13:36 - (BIVARIATE-NORMAL, 15, 10000, 2) - Time: 0.11948 s - Est.: 0.148 nats
2023-11-14 11:13:53 - Creating converter from 5 to 3
2023-11-14 11:15:07 - (BIVARIATE-NORMAL-MIXTURE, 15, 10000, 1) - Time: 0.13439 s - Est.: 0.136 nats
2023-11-14 11:15:26 - (BIVARIATE-NORMAL-MIXTURE, 15, 10000, 2) - Time: 0.17010 s - Est.: 0.137 nats
2023-11-14 11:16:16 - (GEXP, 15, 10000, 1) - Time: 0.11102 s - Est.: 0.152 nats
2023-11-14 11:16:37 - (GEXP, 15, 10000, 2) - Time: 0.19146 s - Est.: 0.154 nats
2023-11-14 11:17:21 - (4D-GAUSSIAN, 15, 10000, 1) - Time: 0.48243 s - Est.: 0.226 nats
2023-11-14 11:19:56 - (10D-GAUSSIAN, 15, 10000, 1) - Time: 2.68919 s - Est.: 1.007 nats
2023-11-14 11:25:37 - Creating converter from 3 to 5
2023-11-14 11:25:52 - Creating converter from 3 to 5
2023-11-14 11:25:52 - (UNIFORM, 1, 10000, 1) - Time: 0.02064 s - Est.: -inf nats
2023-11-14 11:25:56 - (UNIFORM, 1, 10000, 2) - Time: 0.01453 s - Est.: -inf nats
2023-11-14 11:25:59 - Creating converter from 5 to 3
2023-11-14 11:26:12 - Creating converter from 3 to 5
2023-11-14 11:26:12 - (UNIFORM, 1, 10000, 1) - Time: 0.01931 s - Est.: -inf nats
2023-11-14 11:26:16 - (UNIFORM, 1, 10000, 2) - Time: 0.01414 s - Est.: -inf nats
2023-11-14 11:27:54 - (NORMAL, 1, 10000, 1) - Time: 0.01492 s - Est.: -inf nats
2023-11-14 11:27:57 - (NORMAL, 1, 10000, 2) - Time: 0.01496 s - Est.: 0.384 nats
2023-11-14 11:28:17 - (NORMAL-MIXTURE, 1, 10000, 1) - Time: 0.01398 s - Est.: 0.184 nats
2023-11-14 11:28:20 - (NORMAL-MIXTURE, 1, 10000, 2) - Time: 0.01460 s - Est.: -inf nats
2023-11-14 11:28:23 - Creating converter from 5 to 3
2023-11-14 11:28:29 - (EXPONENTIAL, 1, 10000, 1) - Time: 0.02581 s - Est.: -inf nats
2023-11-14 11:28:32 - (EXPONENTIAL, 1, 10000, 2) - Time: 0.01725 s - Est.: 0.670 nats
2023-11-14 11:28:43 - (BIVARIATE-NORMAL, 1, 10000, 1) - Time: 0.02097 s - Est.: -inf nats
2023-11-14 11:28:48 - (BIVARIATE-NORMAL, 1, 10000, 2) - Time: 0.02258 s - Est.: 0.937 nats
2023-11-14 11:29:10 - (BIVARIATE-NORMAL-MIXTURE, 1, 10000, 1) - Time: 0.01987 s - Est.: -inf nats
2023-11-14 11:29:16 - (BIVARIATE-NORMAL-MIXTURE, 1, 10000, 2) - Time: 0.02592 s - Est.: 0.329 nats
2023-11-14 11:30:34 - (BIVARIATE-NORMAL, 1, 10000, 1) - Time: 0.01830 s - Est.: -inf nats
2023-11-14 11:30:39 - (BIVARIATE-NORMAL, 1, 10000, 2) - Time: 0.01884 s - Est.: 0.937 nats
2023-11-14 11:31:02 - (GEXP, 1, 10000, 1) - Time: 0.04296 s - Est.: 0.211 nats
2023-11-14 11:31:07 - (GEXP, 1, 10000, 2) - Time: 0.01801 s - Est.: -inf nats
2023-11-14 11:31:30 - (4D-GAUSSIAN, 1, 10000, 1) - Time: 0.04398 s - Est.: 0.852 nats
2023-11-14 11:31:46 - (4D-GAUSSIAN, 1, 10000, 2) - Time: 0.06512 s - Est.: 0.814 nats
2023-11-14 11:32:18 - (10D-GAUSSIAN, 1, 10000, 1) - Time: 1.33175 s - Est.: 7.395 nats
2023-11-14 11:35:58 - (10D-GAUSSIAN, 1, 10000, 2) - Time: 1.32266 s - Est.: 7.186 nats
