2023-10-23 18:21:54 - Started case: UNIFORM
2023-10-23 18:22:12 - Seed: 100
2023-10-23 18:22:29 - Seed: 200
2023-10-23 18:22:46 - Seed: 300
2023-10-23 18:23:03 - Seed: 400
2023-10-23 18:23:20 - Seed: 500
2023-10-23 18:23:52 - Seed: 100
2023-10-23 18:24:06 - Seed: 200
2023-10-23 18:24:19 - Seed: 300
2023-10-23 18:24:33 - Seed: 400
2023-10-23 18:24:46 - Seed: 500
2023-10-23 18:25:02 - FINISHED - Elapsed time: 188.59 s
2023-10-23 18:25:02 - Started case: NORMAL
2023-10-23 18:25:49 - Seed: 100
2023-10-23 18:26:42 - Seed: 200
2023-10-23 18:27:29 - Seed: 300
2023-10-23 18:28:17 - Seed: 400
2023-10-23 18:29:06 - Seed: 500
2023-10-23 18:30:01 - Seed: 100
2023-10-23 18:30:43 - Seed: 200
2023-10-23 18:31:24 - Seed: 300
2023-10-23 18:32:04 - Seed: 400
2023-10-23 18:32:45 - Seed: 500
2023-10-23 18:33:03 - FINISHED - Elapsed time: 480.52 s
2023-10-23 18:33:03 - Started case: NORMAL-MIXTURE
2023-10-23 18:35:06 - Seed: 100
2023-10-23 18:37:14 - Seed: 200
2023-10-23 18:39:17 - Seed: 300
2023-10-23 18:41:19 - Seed: 400
2023-10-23 18:43:30 - Seed: 500
2023-10-23 18:44:25 - Seed: 100
2023-10-23 18:45:07 - Seed: 200
2023-10-23 18:45:48 - Seed: 300
2023-10-23 18:46:29 - Seed: 400
2023-10-23 18:47:09 - Seed: 500
2023-10-23 18:47:26 - FINISHED - Elapsed time: 863.58 s
2023-10-23 18:47:26 - Started case: EXPONENTIAL
2023-10-23 18:53:08 - Seed: 100
2023-10-23 18:58:34 - Seed: 200
2023-10-23 19:04:23 - Seed: 300
2023-10-23 19:09:53 - Seed: 400
2023-10-23 19:15:20 - Seed: 500
2023-10-23 19:17:02 - Seed: 100
2023-10-23 19:18:26 - Seed: 200
2023-10-23 19:19:52 - Seed: 300
2023-10-23 19:21:20 - Seed: 400
2023-10-23 19:22:47 - Seed: 500
2023-10-23 19:23:06 - FINISHED - Elapsed time: 2139.60 s
2023-10-23 19:23:06 - Started case: BIVARIATE-NORMAL
2023-10-23 19:45:46 - Seed: 100
2023-10-23 20:09:27 - Seed: 200
2023-10-23 20:31:55 - Seed: 300
2023-10-23 20:54:31 - Seed: 400
2023-10-23 21:17:52 - Seed: 500
2023-10-23 21:27:22 - Seed: 100
2023-10-23 21:36:32 - Seed: 200
2023-10-23 21:45:38 - Seed: 300
2023-10-23 21:54:49 - Seed: 400
2023-10-23 22:03:40 - Seed: 500
2023-10-23 22:04:15 - FINISHED - Elapsed time: 9668.92 s
2023-10-23 22:04:15 - Started case: BIVARIATE-NORMAL-MIXTURE
2023-10-23 22:20:17 - Seed: 100
2023-10-23 22:38:02 - Seed: 200
2023-10-23 22:54:11 - Seed: 300
2023-10-23 23:11:22 - Seed: 400
2023-10-23 23:28:59 - Seed: 500
2023-10-23 23:36:50 - Seed: 100
2023-10-23 23:44:19 - Seed: 200
2023-10-23 23:51:47 - Seed: 300
2023-10-23 23:59:34 - Seed: 400
2023-10-24 00:07:56 - Seed: 500
2023-10-24 00:08:33 - FINISHED - Elapsed time: 7458.22 s
2023-10-24 00:08:33 - Started case: GEXP
2023-10-24 00:36:19 - Seed: 100
2023-10-24 01:03:49 - Seed: 200
2023-10-24 01:31:54 - Seed: 300
2023-10-24 01:59:55 - Seed: 400
2023-10-24 02:26:12 - Seed: 500
2023-10-24 02:56:53 - Seed: 100
2023-10-24 03:29:06 - Seed: 200
2023-10-24 04:01:32 - Seed: 300
2023-10-24 04:32:14 - Seed: 400
2023-10-24 05:03:45 - Seed: 500
2023-10-24 05:04:20 - FINISHED - Elapsed time: 17747.45 s
2023-10-24 05:04:21 - Started case: 4D-GAUSSIAN
2023-10-24 05:04:39 - Seed: 100
2023-10-24 05:04:57 - Seed: 200
2023-10-24 05:05:15 - Seed: 300
2023-10-24 05:05:33 - Seed: 400
2023-10-24 05:05:51 - Seed: 500
2023-10-24 05:07:07 - Seed: 100
2023-10-24 05:07:25 - Seed: 200
2023-10-24 05:07:42 - Seed: 300
2023-10-24 05:07:59 - Seed: 400
2023-10-24 05:08:17 - Seed: 500
2023-10-24 05:10:02 - FINISHED - Elapsed time: 341.21 s
2023-10-24 05:10:02 - Started case: 10D-GAUSSIAN
2023-10-24 05:10:37 - Seed: 100
2023-10-24 05:11:11 - Seed: 200
2023-10-24 05:11:47 - Seed: 300
2023-10-24 05:12:23 - Seed: 400
2023-10-24 05:12:59 - Seed: 500
2023-10-24 05:16:29 - Seed: 100
2023-10-24 05:17:04 - Seed: 200
2023-10-24 05:17:40 - Seed: 300
2023-10-24 05:18:19 - Seed: 400
2023-10-24 05:19:00 - Seed: 500
2023-10-24 05:21:42 - FINISHED - Elapsed time: 699.84 s
